<?xml version="1.0" encoding="UTF-8"?>
<!-- Generated by org.testng.reporters.JUnitReportReporter -->
<testsuite hostname="DESKTOP-0N88LAP" failures="0" tests="1" name="com.qa.test.TC_Amazon_002" time="7.974" errors="0" timestamp="2021-03-10T08:49:21 IST" skipped="0">
  <testcase classname="com.qa.test.TC_Amazon_002" name="registrationPage" time="7.974"/>
  <system-out/>
</testsuite> <!-- com.qa.test.TC_Amazon_002 -->
