<?xml version="1.0" encoding="UTF-8"?>
<!-- Generated by org.testng.reporters.JUnitReportReporter -->
<testsuite hostname="DESKTOP-0N88LAP" failures="0" tests="3" name="com.qa.test.TC_Amazon_001" time="44.002" errors="0" timestamp="2021-03-10T08:49:21 IST" skipped="0">
  <testcase classname="com.qa.test.TC_Amazon_001" name="searchItem" time="19.288"/>
  <system-out/>
  <testcase classname="com.qa.test.TC_Amazon_001" name="searchItem" time="14.061"/>
  <system-out/>
  <testcase classname="com.qa.test.TC_Amazon_001" name="searchItem" time="10.653"/>
  <system-out/>
</testsuite> <!-- com.qa.test.TC_Amazon_001 -->
